New log file opened at Fri Dec 30 13:17:55 EET 2016 by 3426@Viktorss-MBP
Taking next connection to: 54720
New client attempting to connect on port: 54721-54720
  Address = /192.168.1.53:54720
This client on port 54721 has uuid 6d5e505f-7f33-4b20-adad-bebc61e0e5dd configName activator humanReadableName Activator protocolVersion 3 featureTags Vector()
Connected Clients: activator-6d5e505f-7f33-4b20-adad-bebc61e0e5dd
Taking next connection to: 54720
Checking to see if clients are empty...
We have 1 non-daemon clients, continuing serving connections.
Taking next connection to: 54720
Checking to see if clients are empty...
We have 1 non-daemon clients, continuing serving connections.
Taking next connection to: 54720
Checking to see if clients are empty...
We have 1 non-daemon clients, continuing serving connections.
Taking next connection to: 54720
Checking to see if clients are empty...
We have 1 non-daemon clients, continuing serving connections.
Taking next connection to: 54720
Checking to see if clients are empty...
We have 1 non-daemon clients, continuing serving connections.
Taking next connection to: 54720
Checking to see if clients are empty...
We have 1 non-daemon clients, continuing serving connections.
Taking next connection to: 54720
Checking to see if clients are empty...
We have 1 non-daemon clients, continuing serving connections.
Taking next connection to: 54720
Checking to see if clients are empty...
We have 1 non-daemon clients, continuing serving connections.
Taking next connection to: 54720
